<?xml version="1.0" encoding="UTF-8"?>
<!-- Generated by org.testng.reporters.JUnitXMLReporter -->
<testsuite ignored="0" hostname="Ravi-Gayu" failures="1" tests="5" name="Test" time="135.425" errors="0" timestamp="2024-08-01T22:40:21 IST">
  <testcase classname="testCases.TC_003_LoginDDT" name="verify_loginDDT" time="14.028"/>
  <testcase classname="testCases.TC_003_LoginDDT" name="verify_loginDDT" time="17.436">
    <failure type="java.lang.AssertionError" message="expected [true] but found [false]">
      <![CDATA[java.lang.AssertionError: expected [true] but found [false]
at testCases.TC_003_LoginDDT.verify_loginDDT(TC_003_LoginDDT.java:60)
at java.base/java.util.ArrayList.forEach(ArrayList.java:1596)
... Removed 29 stack frames]]>
    </failure>
  </testcase> <!-- verify_loginDDT -->
  <testcase classname="testCases.TC_003_LoginDDT" name="verify_loginDDT" time="22.265"/>
  <testcase classname="testCases.TC_003_LoginDDT" name="verify_loginDDT" time="23.775"/>
  <testcase classname="testCases.TC_003_LoginDDT" name="verify_loginDDT" time="19.873"/>
</testsuite> <!-- Test -->
